
AVRASM ver. 2.1.30  D:\Embedded\Microchip\ATMega8\ATMega8Projects\ProjectTriac 17_7_2019\ProjectTriac 17_7_2019\Debug\List\ProjectTriac.asm Mon Sep 02 11:12:26 2019

D:\Embedded\Microchip\ATMega8\ATMega8Projects\ProjectTriac 17_7_2019\ProjectTriac 17_7_2019\Debug\List\ProjectTriac.asm(1086): warning: Register r4 already defined by the .DEF directive
D:\Embedded\Microchip\ATMega8\ATMega8Projects\ProjectTriac 17_7_2019\ProjectTriac 17_7_2019\Debug\List\ProjectTriac.asm(1087): warning: Register r5 already defined by the .DEF directive
D:\Embedded\Microchip\ATMega8\ATMega8Projects\ProjectTriac 17_7_2019\ProjectTriac 17_7_2019\Debug\List\ProjectTriac.asm(1088): warning: Register r6 already defined by the .DEF directive
D:\Embedded\Microchip\ATMega8\ATMega8Projects\ProjectTriac 17_7_2019\ProjectTriac 17_7_2019\Debug\List\ProjectTriac.asm(1089): warning: Register r7 already defined by the .DEF directive
D:\Embedded\Microchip\ATMega8\ATMega8Projects\ProjectTriac 17_7_2019\ProjectTriac 17_7_2019\Debug\List\ProjectTriac.asm(1090): warning: Register r8 already defined by the .DEF directive
D:\Embedded\Microchip\ATMega8\ATMega8Projects\ProjectTriac 17_7_2019\ProjectTriac 17_7_2019\Debug\List\ProjectTriac.asm(1091): warning: Register r9 already defined by the .DEF directive
D:\Embedded\Microchip\ATMega8\ATMega8Projects\ProjectTriac 17_7_2019\ProjectTriac 17_7_2019\Debug\List\ProjectTriac.asm(1092): warning: Register r11 already defined by the .DEF directive
D:\Embedded\Microchip\ATMega8\ATMega8Projects\ProjectTriac 17_7_2019\ProjectTriac 17_7_2019\Debug\List\ProjectTriac.asm(1093): warning: Register r10 already defined by the .DEF directive
D:\Embedded\Microchip\ATMega8\ATMega8Projects\ProjectTriac 17_7_2019\ProjectTriac 17_7_2019\Debug\List\ProjectTriac.asm(1094): warning: Register r13 already defined by the .DEF directive
                 
                 
                 ;CodeVisionAVR C Compiler V3.12 Advanced
                 ;(C) Copyright 1998-2014 Pavel Haiduc, HP InfoTech s.r.l.
                 ;http://www.hpinfotech.com
                 
                 ;Build configuration    : Debug
                 ;Chip type              : ATmega8
                 ;Program type           : Application
                 ;Clock frequency        : 8.000000 MHz
                 ;Memory model           : Small
                 ;Optimize for           : Size
                 ;(s)printf features     : int, width
                 ;(s)scanf features      : int, width
                 ;External RAM size      : 0
                 ;Data Stack size        : 256 byte(s)
                 ;Heap size              : 0 byte(s)
                 ;Promote 'char' to 'int': Yes
                 ;'char' is unsigned     : Yes
                 ;8 bit enums            : Yes
                 ;Global 'const' stored in FLASH: Yes
                 ;Enhanced function parameter passing: Yes
                 ;Enhanced core instructions: On
                 ;Automatic register allocation for global variables: On
                 ;Smart register allocation: On
                 
                 	#define _MODEL_SMALL_
                 
                 	#pragma AVRPART ADMIN PART_NAME ATmega8
                 	#pragma AVRPART MEMORY PROG_FLASH 8192
                 	#pragma AVRPART MEMORY EEPROM 512
                 	#pragma AVRPART MEMORY INT_SRAM SIZE 1024
                 	#pragma AVRPART MEMORY INT_SRAM START_ADDR 0x60
                 
                 	.LISTMAC
                 	.EQU UDRE=0x5
                 	.EQU RXC=0x7
                 	.EQU USR=0xB
                 	.EQU UDR=0xC
                 	.EQU SPSR=0xE
                 	.EQU SPDR=0xF
                 	.EQU EERE=0x0
                 	.EQU EEWE=0x1
                 	.EQU EEMWE=0x2
                 	.EQU EECR=0x1C
                 	.EQU EEDR=0x1D
                 	.EQU EEARL=0x1E
                 	.EQU EEARH=0x1F
                 	.EQU WDTCR=0x21
                 	.EQU MCUCR=0x35
                 	.EQU GICR=0x3B
                 	.EQU SPL=0x3D
                 	.EQU SPH=0x3E
                 	.EQU SREG=0x3F
                 
                 	.DEF R0X0=R0
                 	.DEF R0X1=R1
                 	.DEF R0X2=R2
                 	.DEF R0X3=R3
                 	.DEF R0X4=R4
                 	.DEF R0X5=R5
                 	.DEF R0X6=R6
                 	.DEF R0X7=R7
                 	.DEF R0X8=R8
                 	.DEF R0X9=R9
                 	.DEF R0XA=R10
                 	.DEF R0XB=R11
                 	.DEF R0XC=R12
                 	.DEF R0XD=R13
                 	.DEF R0XE=R14
                 	.DEF R0XF=R15
                 	.DEF R0X10=R16
                 	.DEF R0X11=R17
                 	.DEF R0X12=R18
                 	.DEF R0X13=R19
                 	.DEF R0X14=R20
                 	.DEF R0X15=R21
                 	.DEF R0X16=R22
                 	.DEF R0X17=R23
                 	.DEF R0X18=R24
                 	.DEF R0X19=R25
                 	.DEF R0X1A=R26
                 	.DEF R0X1B=R27
                 	.DEF R0X1C=R28
                 	.DEF R0X1D=R29
                 	.DEF R0X1E=R30
                 	.DEF R0X1F=R31
                 
                 	.EQU __SRAM_START=0x0060
                 	.EQU __SRAM_END=0x045F
                 	.EQU __DSTACK_SIZE=0x0100
                 	.EQU __HEAP_SIZE=0x0000
                 	.EQU __CLEAR_SRAM_SIZE=__SRAM_END-__SRAM_START+1
                 
                 	.MACRO __CPD1N
                 	CPI  R30,LOW(@0)
                 	LDI  R26,HIGH(@0)
                 	CPC  R31,R26
                 	LDI  R26,BYTE3(@0)
                 	CPC  R22,R26
                 	LDI  R26,BYTE4(@0)
                 	CPC  R23,R26
                 	.ENDM
                 
                 	.MACRO __CPD2N
                 	CPI  R26,LOW(@0)
                 	LDI  R30,HIGH(@0)
                 	CPC  R27,R30
                 	LDI  R30,BYTE3(@0)
                 	CPC  R24,R30
                 	LDI  R30,BYTE4(@0)
                 	CPC  R25,R30
                 	.ENDM
                 
                 	.MACRO __CPWRR
                 	CP   R@0,R@2
                 	CPC  R@1,R@3
                 	.ENDM
                 
                 	.MACRO __CPWRN
                 	CPI  R@0,LOW(@2)
                 	LDI  R30,HIGH(@2)
                 	CPC  R@1,R30
                 	.ENDM
                 
                 	.MACRO __ADDB1MN
                 	SUBI R30,LOW(-@0-(@1))
                 	.ENDM
                 
                 	.MACRO __ADDB2MN
                 	SUBI R26,LOW(-@0-(@1))
                 	.ENDM
                 
                 	.MACRO __ADDW1MN
                 	SUBI R30,LOW(-@0-(@1))
                 	SBCI R31,HIGH(-@0-(@1))
                 	.ENDM
                 
                 	.MACRO __ADDW2MN
                 	SUBI R26,LOW(-@0-(@1))
                 	SBCI R27,HIGH(-@0-(@1))
                 	.ENDM
                 
                 	.MACRO __ADDW1FN
                 	SUBI R30,LOW(-2*@0-(@1))
                 	SBCI R31,HIGH(-2*@0-(@1))
                 	.ENDM
                 
                 	.MACRO __ADDD1FN
                 	SUBI R30,LOW(-2*@0-(@1))
                 	SBCI R31,HIGH(-2*@0-(@1))
                 	SBCI R22,BYTE3(-2*@0-(@1))
                 	.ENDM
                 
                 	.MACRO __ADDD1N
                 	SUBI R30,LOW(-@0)
                 	SBCI R31,HIGH(-@0)
                 	SBCI R22,BYTE3(-@0)
                 	SBCI R23,BYTE4(-@0)
                 	.ENDM
                 
                 	.MACRO __ADDD2N
                 	SUBI R26,LOW(-@0)
                 	SBCI R27,HIGH(-@0)
                 	SBCI R24,BYTE3(-@0)
                 	SBCI R25,BYTE4(-@0)
                 	.ENDM
                 
                 	.MACRO __SUBD1N
                 	SUBI R30,LOW(@0)
                 	SBCI R31,HIGH(@0)
                 	SBCI R22,BYTE3(@0)
                 	SBCI R23,BYTE4(@0)
                 	.ENDM
                 
                 	.MACRO __SUBD2N
                 	SUBI R26,LOW(@0)
                 	SBCI R27,HIGH(@0)
                 	SBCI R24,BYTE3(@0)
                 	SBCI R25,BYTE4(@0)
                 	.ENDM
                 
                 	.MACRO __ANDBMNN
                 	LDS  R30,@0+(@1)
                 	ANDI R30,LOW(@2)
                 	STS  @0+(@1),R30
                 	.ENDM
                 
                 	.MACRO __ANDWMNN
                 	LDS  R30,@0+(@1)
                 	ANDI R30,LOW(@2)
                 	STS  @0+(@1),R30
                 	LDS  R30,@0+(@1)+1
                 	ANDI R30,HIGH(@2)
                 	STS  @0+(@1)+1,R30
                 	.ENDM
                 
                 	.MACRO __ANDD1N
                 	ANDI R30,LOW(@0)
                 	ANDI R31,HIGH(@0)
                 	ANDI R22,BYTE3(@0)
                 	ANDI R23,BYTE4(@0)
                 	.ENDM
                 
                 	.MACRO __ANDD2N
                 	ANDI R26,LOW(@0)
                 	ANDI R27,HIGH(@0)
                 	ANDI R24,BYTE3(@0)
                 	ANDI R25,BYTE4(@0)
                 	.ENDM
                 
                 	.MACRO __ORBMNN
                 	LDS  R30,@0+(@1)
                 	ORI  R30,LOW(@2)
                 	STS  @0+(@1),R30
                 	.ENDM
                 
                 	.MACRO __ORWMNN
                 	LDS  R30,@0+(@1)
                 	ORI  R30,LOW(@2)
                 	STS  @0+(@1),R30
                 	LDS  R30,@0+(@1)+1
                 	ORI  R30,HIGH(@2)
                 	STS  @0+(@1)+1,R30
                 	.ENDM
                 
                 	.MACRO __ORD1N
                 	ORI  R30,LOW(@0)
                 	ORI  R31,HIGH(@0)
                 	ORI  R22,BYTE3(@0)
                 	ORI  R23,BYTE4(@0)
                 	.ENDM
                 
                 	.MACRO __ORD2N
                 	ORI  R26,LOW(@0)
                 	ORI  R27,HIGH(@0)
                 	ORI  R24,BYTE3(@0)
                 	ORI  R25,BYTE4(@0)
                 	.ENDM
                 
                 	.MACRO __DELAY_USB
                 	LDI  R24,LOW(@0)
                 __DELAY_USB_LOOP:
                 	DEC  R24
                 	BRNE __DELAY_USB_LOOP
                 	.ENDM
                 
                 	.MACRO __DELAY_USW
                 	LDI  R24,LOW(@0)
                 	LDI  R25,HIGH(@0)
                 __DELAY_USW_LOOP:
                 	SBIW R24,1
                 	BRNE __DELAY_USW_LOOP
                 	.ENDM
                 
                 	.MACRO __GETD1S
                 	LDD  R30,Y+@0
                 	LDD  R31,Y+@0+1
                 	LDD  R22,Y+@0+2
                 	LDD  R23,Y+@0+3
                 	.ENDM
                 
                 	.MACRO __GETD2S
                 	LDD  R26,Y+@0
                 	LDD  R27,Y+@0+1
                 	LDD  R24,Y+@0+2
                 	LDD  R25,Y+@0+3
                 	.ENDM
                 
                 	.MACRO __PUTD1S
                 	STD  Y+@0,R30
                 	STD  Y+@0+1,R31
                 	STD  Y+@0+2,R22
                 	STD  Y+@0+3,R23
                 	.ENDM
                 
                 	.MACRO __PUTD2S
                 	STD  Y+@0,R26
                 	STD  Y+@0+1,R27
                 	STD  Y+@0+2,R24
                 	STD  Y+@0+3,R25
                 	.ENDM
                 
                 	.MACRO __PUTDZ2
                 	STD  Z+@0,R26
                 	STD  Z+@0+1,R27
                 	STD  Z+@0+2,R24
                 	STD  Z+@0+3,R25
                 	.ENDM
                 
                 	.MACRO __CLRD1S
                 	STD  Y+@0,R30
                 	STD  Y+@0+1,R30
                 	STD  Y+@0+2,R30
                 	STD  Y+@0+3,R30
                 	.ENDM
                 
                 	.MACRO __POINTB1MN
                 	LDI  R30,LOW(@0+(@1))
                 	.ENDM
                 
                 	.MACRO __POINTW1MN
                 	LDI  R30,LOW(@0+(@1))
                 	LDI  R31,HIGH(@0+(@1))
                 	.ENDM
                 
                 	.MACRO __POINTD1M
                 	LDI  R30,LOW(@0)
                 	LDI  R31,HIGH(@0)
                 	LDI  R22,BYTE3(@0)
                 	LDI  R23,BYTE4(@0)
                 	.ENDM
                 
                 	.MACRO __POINTW1FN
                 	LDI  R30,LOW(2*@0+(@1))
                 	LDI  R31,HIGH(2*@0+(@1))
                 	.ENDM
                 
                 	.MACRO __POINTD1FN
                 	LDI  R30,LOW(2*@0+(@1))
                 	LDI  R31,HIGH(2*@0+(@1))
                 	LDI  R22,BYTE3(2*@0+(@1))
                 	LDI  R23,BYTE4(2*@0+(@1))
                 	.ENDM
                 
                 	.MACRO __POINTB2MN
                 	LDI  R26,LOW(@0+(@1))
                 	.ENDM
                 
                 	.MACRO __POINTW2MN
                 	LDI  R26,LOW(@0+(@1))
                 	LDI  R27,HIGH(@0+(@1))
                 	.ENDM
                 
                 	.MACRO __POINTW2FN
                 	LDI  R26,LOW(2*@0+(@1))
                 	LDI  R27,HIGH(2*@0+(@1))
                 	.ENDM
                 
                 	.MACRO __POINTD2FN
                 	LDI  R26,LOW(2*@0+(@1))
                 	LDI  R27,HIGH(2*@0+(@1))
                 	LDI  R24,BYTE3(2*@0+(@1))
                 	LDI  R25,BYTE4(2*@0+(@1))
                 	.ENDM
                 
                 	.MACRO __POINTBRM
                 	LDI  R@0,LOW(@1)
                 	.ENDM
                 
                 	.MACRO __POINTWRM
                 	LDI  R@0,LOW(@2)
                 	LDI  R@1,HIGH(@2)
                 	.ENDM
                 
                 	.MACRO __POINTBRMN
                 	LDI  R@0,LOW(@1+(@2))
                 	.ENDM
                 
                 	.MACRO __POINTWRMN
                 	LDI  R@0,LOW(@2+(@3))
                 	LDI  R@1,HIGH(@2+(@3))
                 	.ENDM
                 
                 	.MACRO __POINTWRFN
                 	LDI  R@0,LOW(@2*2+(@3))
                 	LDI  R@1,HIGH(@2*2+(@3))
                 	.ENDM
                 
                 	.MACRO __GETD1N
                 	LDI  R30,LOW(@0)
                 	LDI  R31,HIGH(@0)
                 	LDI  R22,BYTE3(@0)
                 	LDI  R23,BYTE4(@0)
                 	.ENDM
                 
                 	.MACRO __GETD2N
                 	LDI  R26,LOW(@0)
                 	LDI  R27,HIGH(@0)
                 	LDI  R24,BYTE3(@0)
                 	LDI  R25,BYTE4(@0)
                 	.ENDM
                 
                 	.MACRO __GETB1MN
                 	LDS  R30,@0+(@1)
                 	.ENDM
                 
                 	.MACRO __GETB1HMN
                 	LDS  R31,@0+(@1)
                 	.ENDM
                 
                 	.MACRO __GETW1MN
                 	LDS  R30,@0+(@1)
                 	LDS  R31,@0+(@1)+1
                 	.ENDM
                 
                 	.MACRO __GETD1MN
                 	LDS  R30,@0+(@1)
                 	LDS  R31,@0+(@1)+1
                 	LDS  R22,@0+(@1)+2
                 	LDS  R23,@0+(@1)+3
                 	.ENDM
                 
                 	.MACRO __GETBRMN
                 	LDS  R@0,@1+(@2)
                 	.ENDM
                 
                 	.MACRO __GETWRMN
                 	LDS  R@0,@2+(@3)
                 	LDS  R@1,@2+(@3)+1
                 	.ENDM
                 
                 	.MACRO __GETWRZ
                 	LDD  R@0,Z+@2
                 	LDD  R@1,Z+@2+1
                 	.ENDM
                 
                 	.MACRO __GETD2Z
                 	LDD  R26,Z+@0
                 	LDD  R27,Z+@0+1
                 	LDD  R24,Z+@0+2
                 	LDD  R25,Z+@0+3
                 	.ENDM
                 
                 	.MACRO __GETB2MN
                 	LDS  R26,@0+(@1)
                 	.ENDM
                 
                 	.MACRO __GETW2MN
                 	LDS  R26,@0+(@1)
                 	LDS  R27,@0+(@1)+1
                 	.ENDM
                 
                 	.MACRO __GETD2MN
                 	LDS  R26,@0+(@1)
                 	LDS  R27,@0+(@1)+1
                 	LDS  R24,@0+(@1)+2
                 	LDS  R25,@0+(@1)+3
                 	.ENDM
                 
                 	.MACRO __PUTB1MN
                 	STS  @0+(@1),R30
                 	.ENDM
                 
                 	.MACRO __PUTW1MN
                 	STS  @0+(@1),R30
                 	STS  @0+(@1)+1,R31
                 	.ENDM
                 
                 	.MACRO __PUTD1MN
                 	STS  @0+(@1),R30
                 	STS  @0+(@1)+1,R31
                 	STS  @0+(@1)+2,R22
                 	STS  @0+(@1)+3,R23
                 	.ENDM
                 
                 	.MACRO __PUTB1EN
                 	LDI  R26,LOW(@0+(@1))
                 	LDI  R27,HIGH(@0+(@1))
                 	RCALL __EEPROMWRB
                 	.ENDM
                 
                 	.MACRO __PUTW1EN
                 	LDI  R26,LOW(@0+(@1))
                 	LDI  R27,HIGH(@0+(@1))
                 	RCALL __EEPROMWRW
                 	.ENDM
                 
                 	.MACRO __PUTD1EN
                 	LDI  R26,LOW(@0+(@1))
                 	LDI  R27,HIGH(@0+(@1))
                 	RCALL __EEPROMWRD
                 	.ENDM
                 
                 	.MACRO __PUTBR0MN
                 	STS  @0+(@1),R0
                 	.ENDM
                 
                 	.MACRO __PUTBMRN
                 	STS  @0+(@1),R@2
                 	.ENDM
                 
                 	.MACRO __PUTWMRN
                 	STS  @0+(@1),R@2
                 	STS  @0+(@1)+1,R@3
                 	.ENDM
                 
                 	.MACRO __PUTBZR
                 	STD  Z+@1,R@0
                 	.ENDM
                 
                 	.MACRO __PUTWZR
                 	STD  Z+@2,R@0
                 	STD  Z+@2+1,R@1
                 	.ENDM
                 
                 	.MACRO __GETW1R
                 	MOV  R30,R@0
                 	MOV  R31,R@1
                 	.ENDM
                 
                 	.MACRO __GETW2R
                 	MOV  R26,R@0
                 	MOV  R27,R@1
                 	.ENDM
                 
                 	.MACRO __GETWRN
                 	LDI  R@0,LOW(@2)
                 	LDI  R@1,HIGH(@2)
                 	.ENDM
                 
                 	.MACRO __PUTW1R
                 	MOV  R@0,R30
                 	MOV  R@1,R31
                 	.ENDM
                 
                 	.MACRO __PUTW2R
                 	MOV  R@0,R26
                 	MOV  R@1,R27
                 	.ENDM
                 
                 	.MACRO __ADDWRN
                 	SUBI R@0,LOW(-@2)
                 	SBCI R@1,HIGH(-@2)
                 	.ENDM
                 
                 	.MACRO __ADDWRR
                 	ADD  R@0,R@2
                 	ADC  R@1,R@3
                 	.ENDM
                 
                 	.MACRO __SUBWRN
                 	SUBI R@0,LOW(@2)
                 	SBCI R@1,HIGH(@2)
                 	.ENDM
                 
                 	.MACRO __SUBWRR
                 	SUB  R@0,R@2
                 	SBC  R@1,R@3
                 	.ENDM
                 
                 	.MACRO __ANDWRN
                 	ANDI R@0,LOW(@2)
                 	ANDI R@1,HIGH(@2)
                 	.ENDM
                 
                 	.MACRO __ANDWRR
                 	AND  R@0,R@2
                 	AND  R@1,R@3
                 	.ENDM
                 
                 	.MACRO __ORWRN
                 	ORI  R@0,LOW(@2)
                 	ORI  R@1,HIGH(@2)
                 	.ENDM
                 
                 	.MACRO __ORWRR
                 	OR   R@0,R@2
                 	OR   R@1,R@3
                 	.ENDM
                 
                 	.MACRO __EORWRR
                 	EOR  R@0,R@2
                 	EOR  R@1,R@3
                 	.ENDM
                 
                 	.MACRO __GETWRS
                 	LDD  R@0,Y+@2
                 	LDD  R@1,Y+@2+1
                 	.ENDM
                 
                 	.MACRO __PUTBSR
                 	STD  Y+@1,R@0
                 	.ENDM
                 
                 	.MACRO __PUTWSR
                 	STD  Y+@2,R@0
                 	STD  Y+@2+1,R@1
                 	.ENDM
                 
                 	.MACRO __MOVEWRR
                 	MOV  R@0,R@2
                 	MOV  R@1,R@3
                 	.ENDM
                 
                 	.MACRO __INWR
                 	IN   R@0,@2
                 	IN   R@1,@2+1
                 	.ENDM
                 
                 	.MACRO __OUTWR
                 	OUT  @2+1,R@1
                 	OUT  @2,R@0
                 	.ENDM
                 
                 	.MACRO __CALL1MN
                 	LDS  R30,@0+(@1)
                 	LDS  R31,@0+(@1)+1
                 	ICALL
                 	.ENDM
                 
                 	.MACRO __CALL1FN
                 	LDI  R30,LOW(2*@0+(@1))
                 	LDI  R31,HIGH(2*@0+(@1))
                 	RCALL __GETW1PF
                 	ICALL
                 	.ENDM
                 
                 	.MACRO __CALL2EN
                 	PUSH R26
                 	PUSH R27
                 	LDI  R26,LOW(@0+(@1))
                 	LDI  R27,HIGH(@0+(@1))
                 	RCALL __EEPROMRDW
                 	POP  R27
                 	POP  R26
                 	ICALL
                 	.ENDM
                 
                 	.MACRO __CALL2EX
                 	SUBI R26,LOW(-@0)
                 	SBCI R27,HIGH(-@0)
                 	RCALL __EEPROMRDD
                 	ICALL
                 	.ENDM
                 
                 	.MACRO __GETW1STACK
                 	IN   R30,SPL
                 	IN   R31,SPH
                 	ADIW R30,@0+1
                 	LD   R0,Z+
                 	LD   R31,Z
                 	MOV  R30,R0
                 	.ENDM
                 
                 	.MACRO __GETD1STACK
                 	IN   R30,SPL
                 	IN   R31,SPH
                 	ADIW R30,@0+1
                 	LD   R0,Z+
                 	LD   R1,Z+
                 	LD   R22,Z
                 	MOVW R30,R0
                 	.ENDM
                 
                 	.MACRO __NBST
                 	BST  R@0,@1
                 	IN   R30,SREG
                 	LDI  R31,0x40
                 	EOR  R30,R31
                 	OUT  SREG,R30
                 	.ENDM
                 
                 
                 	.MACRO __PUTB1SN
                 	LDD  R26,Y+@0
                 	LDD  R27,Y+@0+1
                 	SUBI R26,LOW(-@1)
                 	SBCI R27,HIGH(-@1)
                 	ST   X,R30
                 	.ENDM
                 
                 	.MACRO __PUTW1SN
                 	LDD  R26,Y+@0
                 	LDD  R27,Y+@0+1
                 	SUBI R26,LOW(-@1)
                 	SBCI R27,HIGH(-@1)
                 	ST   X+,R30
                 	ST   X,R31
                 	.ENDM
                 
                 	.MACRO __PUTD1SN
                 	LDD  R26,Y+@0
                 	LDD  R27,Y+@0+1
                 	SUBI R26,LOW(-@1)
                 	SBCI R27,HIGH(-@1)
                 	RCALL __PUTDP1
                 	.ENDM
                 
                 	.MACRO __PUTB1SNS
                 	LDD  R26,Y+@0
                 	LDD  R27,Y+@0+1
                 	ADIW R26,@1
                 	ST   X,R30
                 	.ENDM
                 
                 	.MACRO __PUTW1SNS
                 	LDD  R26,Y+@0
                 	LDD  R27,Y+@0+1
                 	ADIW R26,@1
                 	ST   X+,R30
                 	ST   X,R31
                 	.ENDM
                 
                 	.MACRO __PUTD1SNS
                 	LDD  R26,Y+@0
                 	LDD  R27,Y+@0+1
                 	ADIW R26,@1
                 	RCALL __PUTDP1
                 	.ENDM
                 
                 	.MACRO __PUTB1PMN
                 	LDS  R26,@0
                 	LDS  R27,@0+1
                 	SUBI R26,LOW(-@1)
                 	SBCI R27,HIGH(-@1)
                 	ST   X,R30
                 	.ENDM
                 
                 	.MACRO __PUTW1PMN
                 	LDS  R26,@0
                 	LDS  R27,@0+1
                 	SUBI R26,LOW(-@1)
                 	SBCI R27,HIGH(-@1)
                 	ST   X+,R30
                 	ST   X,R31
                 	.ENDM
                 
                 	.MACRO __PUTD1PMN
                 	LDS  R26,@0
                 	LDS  R27,@0+1
                 	SUBI R26,LOW(-@1)
                 	SBCI R27,HIGH(-@1)
                 	RCALL __PUTDP1
                 	.ENDM
                 
                 	.MACRO __PUTB1PMNS
                 	LDS  R26,@0
                 	LDS  R27,@0+1
                 	ADIW R26,@1
                 	ST   X,R30
                 	.ENDM
                 
                 	.MACRO __PUTW1PMNS
                 	LDS  R26,@0
                 	LDS  R27,@0+1
                 	ADIW R26,@1
                 	ST   X+,R30
                 	ST   X,R31
                 	.ENDM
                 
                 	.MACRO __PUTD1PMNS
                 	LDS  R26,@0
                 	LDS  R27,@0+1
                 	ADIW R26,@1
                 	RCALL __PUTDP1
                 	.ENDM
                 
                 	.MACRO __PUTB1RN
                 	MOVW R26,R@0
                 	SUBI R26,LOW(-@1)
                 	SBCI R27,HIGH(-@1)
                 	ST   X,R30
                 	.ENDM
                 
                 	.MACRO __PUTW1RN
                 	MOVW R26,R@0
                 	SUBI R26,LOW(-@1)
                 	SBCI R27,HIGH(-@1)
                 	ST   X+,R30
                 	ST   X,R31
                 	.ENDM
                 
                 	.MACRO __PUTD1RN
                 	MOVW R26,R@0
                 	SUBI R26,LOW(-@1)
                 	SBCI R27,HIGH(-@1)
                 	RCALL __PUTDP1
                 	.ENDM
                 
                 	.MACRO __PUTB1RNS
                 	MOVW R26,R@0
                 	ADIW R26,@1
                 	ST   X,R30
                 	.ENDM
                 
                 	.MACRO __PUTW1RNS
                 	MOVW R26,R@0
                 	ADIW R26,@1
                 	ST   X+,R30
                 	ST   X,R31
                 	.ENDM
                 
                 	.MACRO __PUTD1RNS
                 	MOVW R26,R@0
                 	ADIW R26,@1
                 	RCALL __PUTDP1
                 	.ENDM
                 
                 	.MACRO __PUTB1RON
                 	MOV  R26,R@0
                 	MOV  R27,R@1
                 	SUBI R26,LOW(-@2)
                 	SBCI R27,HIGH(-@2)
                 	ST   X,R30
                 	.ENDM
                 
                 	.MACRO __PUTW1RON
                 	MOV  R26,R@0
                 	MOV  R27,R@1
                 	SUBI R26,LOW(-@2)
                 	SBCI R27,HIGH(-@2)
                 	ST   X+,R30
                 	ST   X,R31
                 	.ENDM
                 
                 	.MACRO __PUTD1RON
                 	MOV  R26,R@0
                 	MOV  R27,R@1
                 	SUBI R26,LOW(-@2)
                 	SBCI R27,HIGH(-@2)
                 	RCALL __PUTDP1
                 	.ENDM
                 
                 	.MACRO __PUTB1RONS
                 	MOV  R26,R@0
                 	MOV  R27,R@1
                 	ADIW R26,@2
                 	ST   X,R30
                 	.ENDM
                 
                 	.MACRO __PUTW1RONS
                 	MOV  R26,R@0
                 	MOV  R27,R@1
                 	ADIW R26,@2
                 	ST   X+,R30
                 	ST   X,R31
                 	.ENDM
                 
                 	.MACRO __PUTD1RONS
                 	MOV  R26,R@0
                 	MOV  R27,R@1
                 	ADIW R26,@2
                 	RCALL __PUTDP1
                 	.ENDM
                 
                 
                 	.MACRO __GETB1SX
                 	MOVW R30,R28
                 	SUBI R30,LOW(-@0)
                 	SBCI R31,HIGH(-@0)
                 	LD   R30,Z
                 	.ENDM
                 
                 	.MACRO __GETB1HSX
                 	MOVW R30,R28
                 	SUBI R30,LOW(-@0)
                 	SBCI R31,HIGH(-@0)
                 	LD   R31,Z
                 	.ENDM
                 
                 	.MACRO __GETW1SX
                 	MOVW R30,R28
                 	SUBI R30,LOW(-@0)
                 	SBCI R31,HIGH(-@0)
                 	LD   R0,Z+
                 	LD   R31,Z
                 	MOV  R30,R0
                 	.ENDM
                 
                 	.MACRO __GETD1SX
                 	MOVW R30,R28
                 	SUBI R30,LOW(-@0)
                 	SBCI R31,HIGH(-@0)
                 	LD   R0,Z+
                 	LD   R1,Z+
                 	LD   R22,Z+
                 	LD   R23,Z
                 	MOVW R30,R0
                 	.ENDM
                 
                 	.MACRO __GETB2SX
                 	MOVW R26,R28
                 	SUBI R26,LOW(-@0)
                 	SBCI R27,HIGH(-@0)
                 	LD   R26,X
                 	.ENDM
                 
                 	.MACRO __GETW2SX
                 	MOVW R26,R28
                 	SUBI R26,LOW(-@0)
                 	SBCI R27,HIGH(-@0)
                 	LD   R0,X+
                 	LD   R27,X
                 	MOV  R26,R0
                 	.ENDM
                 
                 	.MACRO __GETD2SX
                 	MOVW R26,R28
                 	SUBI R26,LOW(-@0)
                 	SBCI R27,HIGH(-@0)
                 	LD   R0,X+
                 	LD   R1,X+
                 	LD   R24,X+
                 	LD   R25,X
                 	MOVW R26,R0
                 	.ENDM
                 
                 	.MACRO __GETBRSX
                 	MOVW R30,R28
                 	SUBI R30,LOW(-@1)
                 	SBCI R31,HIGH(-@1)
                 	LD   R@0,Z
                 	.ENDM
                 
                 	.MACRO __GETWRSX
                 	MOVW R30,R28
                 	SUBI R30,LOW(-@2)
                 	SBCI R31,HIGH(-@2)
                 	LD   R@0,Z+
                 	LD   R@1,Z
                 	.ENDM
                 
                 	.MACRO __GETBRSX2
                 	MOVW R26,R28
                 	SUBI R26,LOW(-@1)
                 	SBCI R27,HIGH(-@1)
                 	LD   R@0,X
                 	.ENDM
                 
                 	.MACRO __GETWRSX2
                 	MOVW R26,R28
                 	SUBI R26,LOW(-@2)
                 	SBCI R27,HIGH(-@2)
                 	LD   R@0,X+
                 	LD   R@1,X
                 	.ENDM
                 
                 	.MACRO __LSLW8SX
                 	MOVW R30,R28
                 	SUBI R30,LOW(-@0)
                 	SBCI R31,HIGH(-@0)
                 	LD   R31,Z
                 	CLR  R30
                 	.ENDM
                 
                 	.MACRO __PUTB1SX
                 	MOVW R26,R28
                 	SUBI R26,LOW(-@0)
                 	SBCI R27,HIGH(-@0)
                 	ST   X,R30
                 	.ENDM
                 
                 	.MACRO __PUTW1SX
                 	MOVW R26,R28
                 	SUBI R26,LOW(-@0)
                 	SBCI R27,HIGH(-@0)
                 	ST   X+,R30
                 	ST   X,R31
                 	.ENDM
                 
                 	.MACRO __PUTD1SX
                 	MOVW R26,R28
                 	SUBI R26,LOW(-@0)
                 	SBCI R27,HIGH(-@0)
                 	ST   X+,R30
                 	ST   X+,R31
                 	ST   X+,R22
                 	ST   X,R23
                 	.ENDM
                 
                 	.MACRO __CLRW1SX
                 	MOVW R26,R28
                 	SUBI R26,LOW(-@0)
                 	SBCI R27,HIGH(-@0)
                 	ST   X+,R30
                 	ST   X,R30
                 	.ENDM
                 
                 	.MACRO __CLRD1SX
                 	MOVW R26,R28
                 	SUBI R26,LOW(-@0)
                 	SBCI R27,HIGH(-@0)
                 	ST   X+,R30
                 	ST   X+,R30
                 	ST   X+,R30
                 	ST   X,R30
                 	.ENDM
                 
                 	.MACRO __PUTB2SX
                 	MOVW R30,R28
                 	SUBI R30,LOW(-@0)
                 	SBCI R31,HIGH(-@0)
                 	ST   Z,R26
                 	.ENDM
                 
                 	.MACRO __PUTW2SX
                 	MOVW R30,R28
                 	SUBI R30,LOW(-@0)
                 	SBCI R31,HIGH(-@0)
                 	ST   Z+,R26
                 	ST   Z,R27
                 	.ENDM
                 
                 	.MACRO __PUTD2SX
                 	MOVW R30,R28
                 	SUBI R30,LOW(-@0)
                 	SBCI R31,HIGH(-@0)
                 	ST   Z+,R26
                 	ST   Z+,R27
                 	ST   Z+,R24
                 	ST   Z,R25
                 	.ENDM
                 
                 	.MACRO __PUTBSRX
                 	MOVW R30,R28
                 	SUBI R30,LOW(-@1)
                 	SBCI R31,HIGH(-@1)
                 	ST   Z,R@0
                 	.ENDM
                 
                 	.MACRO __PUTWSRX
                 	MOVW R30,R28
                 	SUBI R30,LOW(-@2)
                 	SBCI R31,HIGH(-@2)
                 	ST   Z+,R@0
                 	ST   Z,R@1
                 	.ENDM
                 
                 	.MACRO __PUTB1SNX
                 	MOVW R26,R28
                 	SUBI R26,LOW(-@0)
                 	SBCI R27,HIGH(-@0)
                 	LD   R0,X+
                 	LD   R27,X
                 	MOV  R26,R0
                 	SUBI R26,LOW(-@1)
                 	SBCI R27,HIGH(-@1)
                 	ST   X,R30
                 	.ENDM
                 
                 	.MACRO __PUTW1SNX
                 	MOVW R26,R28
                 	SUBI R26,LOW(-@0)
                 	SBCI R27,HIGH(-@0)
                 	LD   R0,X+
                 	LD   R27,X
                 	MOV  R26,R0
                 	SUBI R26,LOW(-@1)
                 	SBCI R27,HIGH(-@1)
                 	ST   X+,R30
                 	ST   X,R31
                 	.ENDM
                 
                 	.MACRO __PUTD1SNX
                 	MOVW R26,R28
                 	SUBI R26,LOW(-@0)
                 	SBCI R27,HIGH(-@0)
                 	LD   R0,X+
                 	LD   R27,X
                 	MOV  R26,R0
                 	SUBI R26,LOW(-@1)
                 	SBCI R27,HIGH(-@1)
                 	ST   X+,R30
                 	ST   X+,R31
                 	ST   X+,R22
                 	ST   X,R23
                 	.ENDM
                 
                 	.MACRO __MULBRR
                 	MULS R@0,R@1
                 	MOVW R30,R0
                 	.ENDM
                 
                 	.MACRO __MULBRRU
                 	MUL  R@0,R@1
                 	MOVW R30,R0
                 	.ENDM
                 
                 	.MACRO __MULBRR0
                 	MULS R@0,R@1
                 	.ENDM
                 
                 	.MACRO __MULBRRU0
                 	MUL  R@0,R@1
                 	.ENDM
                 
                 	.MACRO __MULBNWRU
                 	LDI  R26,@2
                 	MUL  R26,R@0
                 	MOVW R30,R0
                 	MUL  R26,R@1
                 	ADD  R31,R0
                 	.ENDM
                 
                 ;NAME DEFINITIONS FOR GLOBAL VARIABLES ALLOCATED TO REGISTERS
                 	.DEF _T_delay=R4
                 	.DEF _T_delay_msb=R5
                 	.DEF _T_Timer1=R6
                 	.DEF _T_Timer1_msb=R7
                 	.DEF _T_shift_delay=R8
                 	.DEF _T_shift_delay_msb=R9
                 	.DEF _Status=R11
                 	.DEF _Mode=R10
                 	.DEF _count=R13
                 
                 	.CSEG
                 	.ORG 0x00
                 
                 ;START OF CODE MARKER
                 __START_OF_CODE:
                 
                 ;INTERRUPT VECTORS
000000 c022      	RJMP __RESET
000001 c09c      	RJMP _ext_int0_isr
000002 cffd      	RJMP 0x00
000003 cffc      	RJMP 0x00
000004 cffb      	RJMP 0x00
000005 cffa      	RJMP 0x00
000006 cff9      	RJMP 0x00
000007 cff8      	RJMP 0x00
000008 c060      	RJMP _timer1_ovf_isr
000009 c0ad      	RJMP _timer0_ovf_isr
00000a cff5      	RJMP 0x00
00000b cff4      	RJMP 0x00
00000c cff3      	RJMP 0x00
00000d cff2      	RJMP 0x00
00000e cff1      	RJMP 0x00
00000f cff0      	RJMP 0x00
000010 cfef      	RJMP 0x00
000011 cfee      	RJMP 0x00
000012 cfed      	RJMP 0x00
                 
                 ;GLOBAL REGISTER VARIABLES INITIALIZATION
                 __REG_VARS:
000013 0000
000014 0000      	.DB  0x0,0x0,0x0,0x0
000015 0000
000016 0100      	.DB  0x0,0x0,0x0,0x1
                 
                 _0x3:
000017 f9c0
000018 b0a4
000019 9299
00001a f882      	.DB  0xC0,0xF9,0xA4,0xB0,0x99,0x92,0x82,0xF8
00001b 9080      	.DB  0x80,0x90
                 
                 __GLOBAL_INI_TBL:
00001c 0008      	.DW  0x08
00001d 0004      	.DW  0x04
00001e 0026      	.DW  __REG_VARS*2
                 
00001f 000a      	.DW  0x0A
000020 0164      	.DW  _MA_7SEG
000021 002e      	.DW  _0x3*2
                 
                 _0xFFFFFFFF:
000022 0000      	.DW  0
                 
                 #define __GLOBAL_INI_TBL_PRESENT 1
                 
                 __RESET:
000023 94f8      	CLI
000024 27ee      	CLR  R30
000025 bbec      	OUT  EECR,R30
                 
                 ;INTERRUPT VECTORS ARE PLACED
                 ;AT THE START OF FLASH
000026 e0f1      	LDI  R31,1
000027 bffb      	OUT  GICR,R31
000028 bfeb      	OUT  GICR,R30
000029 bfe5      	OUT  MCUCR,R30
                 
                 ;CLEAR R2-R14
00002a e08d      	LDI  R24,(14-2)+1
00002b e0a2      	LDI  R26,2
00002c 27bb      	CLR  R27
                 __CLEAR_REG:
00002d 93ed      	ST   X+,R30
00002e 958a      	DEC  R24
00002f f7e9      	BRNE __CLEAR_REG
                 
                 ;CLEAR SRAM
000030 e080      	LDI  R24,LOW(__CLEAR_SRAM_SIZE)
000031 e094      	LDI  R25,HIGH(__CLEAR_SRAM_SIZE)
000032 e6a0      	LDI  R26,__SRAM_START
                 __CLEAR_SRAM:
000033 93ed      	ST   X+,R30
000034 9701      	SBIW R24,1
000035 f7e9      	BRNE __CLEAR_SRAM
                 
                 ;GLOBAL VARIABLES INITIALIZATION
000036 e3e8      	LDI  R30,LOW(__GLOBAL_INI_TBL*2)
000037 e0f0      	LDI  R31,HIGH(__GLOBAL_INI_TBL*2)
                 __GLOBAL_INI_NEXT:
000038 9185      	LPM  R24,Z+
000039 9195      	LPM  R25,Z+
00003a 9700      	SBIW R24,0
00003b f061      	BREQ __GLOBAL_INI_END
00003c 91a5      	LPM  R26,Z+
00003d 91b5      	LPM  R27,Z+
00003e 9005      	LPM  R0,Z+
00003f 9015      	LPM  R1,Z+
000040 01bf      	MOVW R22,R30
000041 01f0      	MOVW R30,R0
                 __GLOBAL_INI_LOOP:
000042 9005      	LPM  R0,Z+
000043 920d      	ST   X+,R0
000044 9701      	SBIW R24,1
000045 f7e1      	BRNE __GLOBAL_INI_LOOP
000046 01fb      	MOVW R30,R22
000047 cff0      	RJMP __GLOBAL_INI_NEXT
                 __GLOBAL_INI_END:
                 
                 ;HARDWARE STACK POINTER INITIALIZATION
000048 e5ef      	LDI  R30,LOW(__SRAM_END-__HEAP_SIZE)
000049 bfed      	OUT  SPL,R30
00004a e0e4      	LDI  R30,HIGH(__SRAM_END-__HEAP_SIZE)
00004b bfee      	OUT  SPH,R30
                 
                 ;DATA STACK POINTER INITIALIZATION
00004c e6c0      	LDI  R28,LOW(__SRAM_START+__DSTACK_SIZE)
00004d e0d1      	LDI  R29,HIGH(__SRAM_START+__DSTACK_SIZE)
                 
00004e c076      	RJMP _main
                 
                 	.ESEG
                 	.ORG 0
                 
                 	.DSEG
                 	.ORG 0x160
                 
                 	.CSEG
                 ;/*******************************************************
                 ;This program was created by the
                 ;CodeWizardAVR V3.12 Advanced
                 ;Automatic Program Generator
                 ;© Copyright 1998-2014 Pavel Haiduc, HP InfoTech s.r.l.
                 ;http://www.hpinfotech.com
                 ;
                 ;Project : Project_Triac
                 ;Version : 1.0
                 ;Date    : 7/19/2018
                 ;Author  : Tran Minh Thuan
                 ;Company : VM Machine
                 ;Comments:
                 ;Supported by: Nguyen Duc Quyen
                 ;Chip type               : ATmega8
                 ;Program type            : Application
                 ;AVR Core Clock frequency: 8.000000 MHz
                 ;Memory model            : Small
                 ;External RAM size       : 0
                 ;Data Stack size         : 256
                 ;Development:
                 ;12-12-2018: Final version.     (OK)
                 ;                + 2 Modes
                 ;15-12-2018: Fix EEPROM Problem (OK)
                 ;            -Change store place temp0 (0>2), temp1 (1>5)
                 ;            -Change when save value (different -> save > pressed button -> save)
                 ;17-12-2018: Fix EEPROM Problem (v2)
                 ;            - Disarm interrupt before write to EEPROM
                 ;5-18-2019: Fix EEPROM Problem (v3)
                 ;            - Change the EEPROM library, using the internal eeprom library
                 ;            - Autosave in main function after 30mins
                 ;6-3-2019: Fix EEPROM Prolem (v4 - base on 15-12-2018 version)
                 ;            - Using function
                 ;            - Remove delay in Check_SW function
                 ;            - Add delay in main loop
                 ;(IF still not work using eeprom variable)
                 ;7-10-2019: Fix EEPROM Problem (v5- using EEPROM variable)
                 ;17-12-2019: Disable
                 ;31-8-2019: Upgrade to ver 2.0
                 ;           - Timer 0 interval change from 100us -> 200us to fix EEPROM bug
                 ;           (If still not working increase Timer 1 interval)
                 ;           - Add more comment for the whole program
                 ;
                 ;//Test Section///////////////////////
                 ;*******************************************************/
                 ;
                 ;#include <mega8.h>
                 	#ifndef __SLEEP_DEFINED__
                 	#define __SLEEP_DEFINED__
                 	.EQU __se_bit=0x80
                 	.EQU __sm_mask=0x70
                 	.EQU __sm_powerdown=0x20
                 	.EQU __sm_powersave=0x30
                 	.EQU __sm_standby=0x60
                 	.EQU __sm_ext_standby=0x70
                 	.EQU __sm_adc_noise_red=0x10
                 	.SET power_ctrl_reg=mcucr
                 	#endif
                 ;#define SW_EMER     PINB.3
                 ;#define SW_ON       PINC.3
                 ;#define SW_EMER1    PIND.4
                 ;#define SW_GIAM     PINC.5
                 ;#define SW_TANG     PINC.4
                 ;#define LED         PORTB.5
                 ;#define SIGNAL      PORTB.1
                 ;#define CLK         PORTC.2 //Chan 11 clock
                 ;#define SDI         PORTC.0 //Chan 14 data
                 ;#define STR         PORTC.1 //Chan 12 chot
                 ;
                 ;
                 ;
                 ;
                 ;/* ------Cac dinh nghia ve chuong trinh va cac bien--------*/
                 ;//-----------------------------------------------------------
                 ;//Dinh nghia cac bien toan cuc
                 ;unsigned int    T_delay=0;         //Tang 1 moi khi ngat timer0 (200us)
                 ;unsigned int    T_Timer1=0;        //Tang 1 moi ngat timer1 de phuc vu kich B1
                 ;unsigned int    T_shift_delay=0;   //Dich de ve diem 0
                 ;unsigned char   Status=1;          //Vua bat nguon thi he thong se hoat dong
                 ;unsigned char   Mode=0;
                 ;unsigned char   count;
                 ;unsigned int    count_temp0;
                 ;unsigned int    count_temp1;
                 ;unsigned char   MA_7SEG[10]={0xC0,0xF9,0xA4,0xB0,0x99,0x92,0x82,0xF8,0x80,0x90};
                 
                 	.DSEG
                 ;//Dinh nghia cac chuong trinh
                 ;void INT0_INIT(void);                   //Khoi tao cho ngat ngoai
                 ;void Timer_INIT(void);                  //Khoi tao thong so va ngat cho Timer0
                 ;void GPIO_INIT(void);                   //Khoi tao cac input, output
                 ;void Delay_200us(unsigned int Time);    //Delay 200us ung voi moi don vi
                 ;void Display();                         //Hien thi gia tri ra 7segs
                 ;void CheckSW(void);                     //Doc gia tri nut nhan
                 ;void Power_Check(void);                 //Check nut nhan nguon
                 ;int Wait_Shift(void);                   //Doi de shift toi muc 0
                 ;//void EEPROM_Write(unsigned int addr, unsigned char data);
                 ;//unsigned char EEPROM_Read(unsigned int addr);
                 ;/*---------------------Interrupt Service Routine-----------*/
                 ;
                 ;//////////////////////////////////////////////////////////
                 ;void EEPROM_Write(unsigned int addr, unsigned char data)
                 ; 0000 0059 {
                 
                 	.CSEG
                 _EEPROM_Write:
                 ; .FSTART _EEPROM_Write
                 ; 0000 005A     #asm("cli");
00004f 93aa      	ST   -Y,R26
                 ;	addr -> Y+1
                 ;	data -> Y+0
000050 94f8      	cli
                 ; 0000 005B     while(EECR.1==1);
                 _0x4:
000051 99e1      	SBIC 0x1C,1
000052 cffe      	RJMP _0x4
                 ; 0000 005C     EEAR = addr;
000053 81e9      	LDD  R30,Y+1
000054 81fa      	LDD  R31,Y+1+1
000055 bbff      	OUT  0x1E+1,R31
000056 bbee      	OUT  0x1E,R30
                 ; 0000 005D     EEDR = data;
000057 81e8      	LD   R30,Y
000058 bbed      	OUT  0x1D,R30
                 ; 0000 005E     EECR.2 = 1;
000059 9ae2      	SBI  0x1C,2
                 ; 0000 005F     EECR.1 = 1;
00005a 9ae1      	SBI  0x1C,1
                 ; 0000 0060     #asm("sei");
00005b 9478      	sei
                 ; 0000 0061 }
00005c 9623      	ADIW R28,3
00005d 9508      	RET
                 ; .FEND
                 ;//////////////////////////////////////////////////////////
                 ;unsigned char EEPROM_Read(unsigned int addr)
                 ; 0000 0064 {
                 _EEPROM_Read:
                 ; .FSTART _EEPROM_Read
                 ; 0000 0065 	while(EECR.1);
00005e 93ba      	ST   -Y,R27
00005f 93aa      	ST   -Y,R26
                 ;	addr -> Y+0
                 _0xB:
000060 99e1      	SBIC 0x1C,1
000061 cffe      	RJMP _0xB
                 ; 0000 0066 	EEAR = addr;
000062 81e8      	LD   R30,Y
000063 81f9      	LDD  R31,Y+1
000064 bbff      	OUT  0x1E+1,R31
000065 bbee      	OUT  0x1E,R30
                 ; 0000 0067 	EECR.0 = 1;
000066 9ae0      	SBI  0x1C,0
                 ; 0000 0068 	return EEDR;
000067 b3ed      	IN   R30,0x1D
000068 c0c5      	RJMP _0x2000001
                 ; 0000 0069 }
                 ; .FEND
                 ;//////////////////////////////////////////////////////////
                 ;interrupt [TIM1_OVF] void timer1_ovf_isr(void)
                 ; 0000 006C {
                 _timer1_ovf_isr:
                 ; .FSTART _timer1_ovf_isr
000069 920a      	ST   -Y,R0
00006a 921a      	ST   -Y,R1
00006b 92fa      	ST   -Y,R15
00006c 936a      	ST   -Y,R22
00006d 937a      	ST   -Y,R23
00006e 938a      	ST   -Y,R24
00006f 939a      	ST   -Y,R25
000070 93aa      	ST   -Y,R26
000071 93ba      	ST   -Y,R27
000072 93ea      	ST   -Y,R30
000073 93fa      	ST   -Y,R31
000074 b7ef      	IN   R30,SREG
000075 93ea      	ST   -Y,R30
                 ; 0000 006D //    60us - 65055,
                 ; 0000 006E //    65   - 65015, shift 47 - Lighter   - In use 12/8/2018
                 ; 0000 006F //    70us - 64975, shift 36 - Stronger
                 ; 0000 0070 //MAX 80us - 64895, shift 20 - Super strong
                 ; 0000 0071 
                 ; 0000 0072     // Reinitialize Timer1 value
                 ; 0000 0073     TCNT1H=65015 >> 8;                 //FFB0-80us - (2^16-80)
000076 d15f      	RCALL SUBOPT_0x0
                 ; 0000 0074     TCNT1L=65015 & 0xFF;
                 ; 0000 0075     //------------------------------------------------------//
                 ; 0000 0076     T_shift_delay++;
000077 01f4      	MOVW R30,R8
000078 9631      	ADIW R30,1
000079 014f      	MOVW R8,R30
                 ; 0000 0077     if (Wait_Shift()==1)
00007a d096      	RCALL _Wait_Shift
00007b 30e1      	CPI  R30,LOW(0x1)
00007c e0a0      	LDI  R26,HIGH(0x1)
00007d 07fa      	CPC  R31,R26
00007e f489      	BRNE _0x10
                 ; 0000 0078     {
                 ; 0000 0079         if((99-count)==0) DDRB&=~0x02;
00007f d15b      	RCALL SUBOPT_0x1
000080 d1de      	RCALL __SWAPW12
000081 1bea      	SUB  R30,R26
000082 0bfb      	SBC  R31,R27
000083 f411      	BRNE _0x11
000084 98b9      	CBI  0x17,1
                 ; 0000 007A         else
000085 c00a      	RJMP _0x12
                 _0x11:
                 ; 0000 007B         {
                 ; 0000 007C         	if(T_Timer1>=count)
000086 2ded      	MOV  R30,R13
000087 01d3      	MOVW R26,R6
000088 e0f0      	LDI  R31,0
000089 17ae      	CP   R26,R30
00008a 07bf      	CPC  R27,R31
00008b f008      	BRLO _0x13
                 ; 0000 007D         	{
                 ; 0000 007E             	SIGNAL=1;
00008c 9ac1      	SBI  0x18,1
                 ; 0000 007F         	}
                 ; 0000 0080         	T_Timer1++;
                 _0x13:
00008d 01f3      	MOVW R30,R6
00008e 9631      	ADIW R30,1
00008f 013f      	MOVW R6,R30
                 ; 0000 0081         }
                 _0x12:
                 ; 0000 0082     }
                 ; 0000 0083 };
                 _0x10:
000090 91e9      	LD   R30,Y+
000091 bfef      	OUT  SREG,R30
000092 91f9      	LD   R31,Y+
000093 91e9      	LD   R30,Y+
000094 91b9      	LD   R27,Y+
000095 91a9      	LD   R26,Y+
000096 9199      	LD   R25,Y+
000097 9189      	LD   R24,Y+
000098 9179      	LD   R23,Y+
000099 9169      	LD   R22,Y+
00009a 90f9      	LD   R15,Y+
00009b 9019      	LD   R1,Y+
00009c 9009      	LD   R0,Y+
00009d 9518      	RETI
                 ; .FEND
                 ;////////////////////////////////////////////////////////////////                                                         ...
                 ;interrupt [EXT_INT0] void ext_int0_isr(void)
                 ; 0000 0086 {// External Interrupt 0 service routine
                 _ext_int0_isr:
                 ; .FSTART _ext_int0_isr
00009e 93ea      	ST   -Y,R30
00009f b7ef      	IN   R30,SREG
0000a0 93ea      	ST   -Y,R30
                 ; 0000 0087     //Reset count value
                 ; 0000 0088     SIGNAL=0;
0000a1 98c1      	CBI  0x18,1
                 ; 0000 0089     T_shift_delay=0;
0000a2 2488      	CLR  R8
0000a3 2499      	CLR  R9
                 ; 0000 008A     T_Timer1=0;
0000a4 2466      	CLR  R6
0000a5 2477      	CLR  R7
                 ; 0000 008B     if(LED==1)
0000a6 9bc5      	SBIS 0x18,5
0000a7 c005      	RJMP _0x18
                 ; 0000 008C     {
                 ; 0000 008D          TIMSK&=(~0x04);
0000a8 b7e9      	IN   R30,0x39
0000a9 7feb      	ANDI R30,0xFB
0000aa bfe9      	OUT  0x39,R30
                 ; 0000 008E          SIGNAL=0;
0000ab 98c1      	CBI  0x18,1
                 ; 0000 008F     }
                 ; 0000 0090     else if (LED==0)
0000ac c006      	RJMP _0x1B
                 _0x18:
0000ad 99c5      	SBIC 0x18,5
0000ae c004      	RJMP _0x1C
                 ; 0000 0091     {
                 ; 0000 0092         TIMSK|=0x04;                        //Enable Timer1 Overflow interrupt
0000af b7e9      	IN   R30,0x39
0000b0 60e4      	ORI  R30,4
0000b1 bfe9      	OUT  0x39,R30
                 ; 0000 0093         // Reinitialize Timer1 value
                 ; 0000 0094         TCNT1H=65015 >> 8;                  //80us - (2^16-80)
0000b2 d123      	RCALL SUBOPT_0x0
                 ; 0000 0095         TCNT1L=65015 & 0xFF;
                 ; 0000 0096     }
                 ; 0000 0097 }
                 _0x1C:
                 _0x1B:
0000b3 91e9      	LD   R30,Y+
0000b4 bfef      	OUT  SREG,R30
0000b5 91e9      	LD   R30,Y+
0000b6 9518      	RETI
                 ; .FEND
                 ;////////////////////////////////////////////////////////////////
                 ;interrupt [TIM0_OVF] void timer0_ovf_isr(void)
                 ; 0000 009A {
                 _timer0_ovf_isr:
                 ; .FSTART _timer0_ovf_isr
0000b7 93ea      	ST   -Y,R30
0000b8 93fa      	ST   -Y,R31
0000b9 b7ef      	IN   R30,SREG
0000ba 93ea      	ST   -Y,R30
                 ; 0000 009B     /*---------- Timer0 Overflow ISR------------------------------
                 ; 0000 009C     // First Reinitialize timer0 value
                 ; 0000 009D     // Increase count (T_delay) value
                 ; 0000 009E     */
                 ; 0000 009F     TCNT0=0xC8;    // 200 (0xC8) * 8 (prescaler) * 1/(8*10^6)= 200us
0000bb ece8      	LDI  R30,LOW(200)
0000bc bfe2      	OUT  0x32,R30
                 ; 0000 00A0     T_delay++;
0000bd 01f2      	MOVW R30,R4
0000be 9631      	ADIW R30,1
0000bf 012f      	MOVW R4,R30
                 ; 0000 00A1     //------------------------------------------------------//
                 ; 0000 00A2 };
0000c0 91e9      	LD   R30,Y+
0000c1 bfef      	OUT  SREG,R30
0000c2 91f9      	LD   R31,Y+
0000c3 91e9      	LD   R30,Y+
0000c4 9518      	RETI
                 ; .FEND
                 ;/*----------------------------------------------*/
                 ;void main(void)
                 ; 0000 00A5 {
                 _main:
                 ; .FSTART _main
                 ; 0000 00A6     GPIO_INIT();
0000c5 d03e      	RCALL _GPIO_INIT
                 ; 0000 00A7     Timer_INIT();
0000c6 d029      	RCALL _Timer_INIT
                 ; 0000 00A8     INT0_INIT();
0000c7 d020      	RCALL _INT0_INIT
                 ; 0000 00A9     SIGNAL = 0;
0000c8 98c1      	CBI  0x18,1
                 ; 0000 00AA     #asm("sei")
0000c9 9478      	sei
                 ; 0000 00AB     Delay_200us(50);
0000ca d115      	RCALL SUBOPT_0x2
                 ; 0000 00AC     count_temp0 = EEPROM_Read(210);   //Load value from EEPROM
0000cb eda2      	LDI  R26,LOW(210)
0000cc e0b0      	LDI  R27,0
0000cd df90      	RCALL _EEPROM_Read
0000ce e0f0      	LDI  R31,0
0000cf d113      	RCALL SUBOPT_0x3
                 ; 0000 00AD     Delay_200us(50);
0000d0 d10f      	RCALL SUBOPT_0x2
                 ; 0000 00AE     count_temp1 = EEPROM_Read(200);
0000d1 eca8      	LDI  R26,LOW(200)
0000d2 e0b0      	LDI  R27,0
0000d3 df8a      	RCALL _EEPROM_Read
0000d4 e0f0      	LDI  R31,0
0000d5 d112      	RCALL SUBOPT_0x4
                 ; 0000 00AF     Delay_200us(50);
0000d6 d109      	RCALL SUBOPT_0x2
                 ; 0000 00B0     while (1)
                 _0x1F:
                 ; 0000 00B1       {
                 ; 0000 00B2         unsigned char i=0;
                 ; 0000 00B3         for(i=0;i<20;i++)
0000d7 9721      	SBIW R28,1
0000d8 e0e0      	LDI  R30,LOW(0)
0000d9 83e8      	ST   Y,R30
                 ;	i -> Y+0
0000da 83e8      	ST   Y,R30
                 _0x23:
0000db 81a8      	LD   R26,Y
0000dc 31a4      	CPI  R26,LOW(0x14)
0000dd f430      	BRSH _0x24
                 ; 0000 00B4         {
                 ; 0000 00B5             Power_Check();
0000de d0ca      	RCALL _Power_Check
                 ; 0000 00B6             Display();
0000df d09b      	RCALL _Display
                 ; 0000 00B7         }
0000e0 81e8      	LD   R30,Y
0000e1 5fef      	SUBI R30,-LOW(1)
0000e2 83e8      	ST   Y,R30
0000e3 cff7      	RJMP _0x23
                 _0x24:
                 ; 0000 00B8         CheckSW();
0000e4 d04b      	RCALL _CheckSW
                 ; 0000 00B9       }
0000e5 9621      	ADIW R28,1
0000e6 cff0      	RJMP _0x1F
                 ; 0000 00BA };
                 _0x25:
0000e7 cfff      	RJMP _0x25
                 ; .FEND
                 ;/*--------------Cac chuong trinh con--------------------*/
                 ;void INT0_INIT(void)     //TEST DONE
                 ; 0000 00BD {
                 _INT0_INIT:
                 ; .FSTART _INT0_INIT
                 ; 0000 00BE     // External Interrupt(s) initialization
                 ; 0000 00BF     // INT0: On
                 ; 0000 00C0     // INT0 Mode: Rising Edge
                 ; 0000 00C1     // INT1: Off
                 ; 0000 00C2     GICR|=(0<<INT1) | (1<<INT0);                                //Enable interrupt
0000e8 b7eb      	IN   R30,0x3B
0000e9 64e0      	ORI  R30,0x40
0000ea bfeb      	OUT  0x3B,R30
                 ; 0000 00C3     MCUCR=(0<<ISC11) | (0<<ISC10) | (1<<ISC01) | (1<<ISC00);    //Rising edge
0000eb e0e3      	LDI  R30,LOW(3)
0000ec bfe5      	OUT  0x35,R30
                 ; 0000 00C4     GIFR=(0<<INTF1) | (1<<INTF0);                               //Clear the flag
0000ed e4e0      	LDI  R30,LOW(64)
0000ee bfea      	OUT  0x3A,R30
                 ; 0000 00C5 };
0000ef 9508      	RET
                 ; .FEND
                 ;
                 ;void Timer_INIT(void)    //TEST DONE
                 ; 0000 00C8 {
                 _Timer_INIT:
                 ; .FSTART _Timer_INIT
                 ; 0000 00C9 //----------------Timer0--------------------------------//
                 ; 0000 00CA     // Timer/Counter 0 initialization
                 ; 0000 00CB     // Clock source: System Clock
                 ; 0000 00CC     // Clock value: 8000.000 kHz
                 ; 0000 00CD     // Prescaler: 8
                 ; 0000 00CE     TCCR0=(0<<CS02) | (1<<CS01) | (0<<CS00);  //Prescaler - 8
0000f0 e0e2      	LDI  R30,LOW(2)
0000f1 bfe3      	OUT  0x33,R30
                 ; 0000 00CF     TCNT0=0xC8;                               // 200us
0000f2 ece8      	LDI  R30,LOW(200)
0000f3 bfe2      	OUT  0x32,R30
                 ; 0000 00D0 //----------------Timer1--------------------------------//
                 ; 0000 00D1     // Timer/Counter 1 initialization
                 ; 0000 00D2     // Clock source: System Clock
                 ; 0000 00D3     // Clock value: 8000.000 kHz
                 ; 0000 00D4     // Mode: Normal top=0xFFFF
                 ; 0000 00D5     // OC1A output: Disconnected
                 ; 0000 00D6     // OC1B output: Disconnected
                 ; 0000 00D7     // Noise Canceler: Off
                 ; 0000 00D8     // Input Capture on Falling Edge
                 ; 0000 00D9     // Timer Period: 0.8 ms
                 ; 0000 00DA     // Timer1 Overflow Interrupt: On
                 ; 0000 00DB     // Input Capture Interrupt: Off
                 ; 0000 00DC     // Compare A Match Interrupt: Off
                 ; 0000 00DD     // Compare B Match Interrupt: Off
                 ; 0000 00DE     TCCR1A=(0<<COM1A1) | (0<<COM1A0) | (0<<COM1B1) | (0<<COM1B0) | (0<<WGM11) | (0<<WGM10);
0000f4 e0e0      	LDI  R30,LOW(0)
0000f5 bdef      	OUT  0x2F,R30
                 ; 0000 00DF     TCCR1B=(0<<ICNC1) | (0<<ICES1) | (0<<WGM13) | (0<<WGM12) | (0<<CS12) | (0<<CS11) | (1<<CS10);
0000f6 e0e1      	LDI  R30,LOW(1)
0000f7 bdee      	OUT  0x2E,R30
                 ; 0000 00E0     TCNT1H=0xFE20 >> 8;                 //80us - (2^16-80)
0000f8 efee      	LDI  R30,LOW(254)
0000f9 bded      	OUT  0x2D,R30
                 ; 0000 00E1     TCNT1L=0xFE20 & 0xff;
0000fa e2e0      	LDI  R30,LOW(32)
0000fb bdec      	OUT  0x2C,R30
                 ; 0000 00E2     ICR1H=0x00;
0000fc e0e0      	LDI  R30,LOW(0)
0000fd bde7      	OUT  0x27,R30
                 ; 0000 00E3     ICR1L=0x00;
0000fe bde6      	OUT  0x26,R30
                 ; 0000 00E4     OCR1AH=0x00;
0000ff bdeb      	OUT  0x2B,R30
                 ; 0000 00E5     OCR1AL=0x00;
000100 bdea      	OUT  0x2A,R30
                 ; 0000 00E6     OCR1BH=0x00;
000101 bde9      	OUT  0x29,R30
                 ; 0000 00E7     OCR1BL=0x00;
000102 bde8      	OUT  0x28,R30
                 ; 0000 00E8 };
000103 9508      	RET
                 ; .FEND
                 ;///////////////////////////////////////////////////////////
                 ;void GPIO_INIT(void)     //TEST DONE
                 ; 0000 00EB {
                 _GPIO_INIT:
                 ; .FSTART _GPIO_INIT
                 ; 0000 00EC     // Input/Output Ports initialization
                 ; 0000 00ED     // Port B initialization
                 ; 0000 00EE     // Function: Bit7=In Bit6=In Bit5=Out Bit4=In Bit3=In Bit2=In Bit1=In Bit0=Out
                 ; 0000 00EF     DDRB=(0<<DDB7) | (0<<DDB6) | (1<<DDB5) | (0<<DDB4) | (0<<DDB3) | (0<<DDB2) | (1<<DDB1) | (1<<DDB0);
000104 e2e3      	LDI  R30,LOW(35)
000105 bbe7      	OUT  0x17,R30
                 ; 0000 00F0     // State: Bit7=T Bit6=T Bit5=1 Bit4=T Bit3=T Bit2=T Bit1=T Bit0=0
                 ; 0000 00F1     PORTB=(0<<PORTB7) | (0<<PORTB6) | (1<<PORTB5) | (0<<PORTB4) | (1<<PORTB3) | (0<<PORTB2) | (0<<PORTB1) | (0<<PORTB0);
000106 e2e8      	LDI  R30,LOW(40)
000107 bbe8      	OUT  0x18,R30
                 ; 0000 00F2     // Port C initialization
                 ; 0000 00F3     // Function: Bit6=In Bit5=In Bit4=Out Bit3=Out Bit2=Out Bit1=In Bit0=In
                 ; 0000 00F4     DDRC=(0<<DDC6) | (0<<DDC5) | (0<<DDC4) | (0<<DDC3) | (1<<DDC2) | (1<<DDC1) | (1<<DDC0);
000108 e0e7      	LDI  R30,LOW(7)
000109 bbe4      	OUT  0x14,R30
                 ; 0000 00F5     // State: Bit6=T Bit5=T Bit4=0 Bit3=0 Bit2=0 Bit1=T Bit0=T
                 ; 0000 00F6     PORTC=(0<<PORTC6) | (1<<PORTC5) | (1<<PORTC4) | (1<<PORTC3) | (0<<PORTC2) | (0<<PORTC1) | (0<<PORTC0);
00010a e3e8      	LDI  R30,LOW(56)
00010b bbe5      	OUT  0x15,R30
                 ; 0000 00F7     DDRD=0x00;    // Cac chan cua PORTD la cac chan INPUT
00010c e0e0      	LDI  R30,LOW(0)
00010d bbe1      	OUT  0x11,R30
                 ; 0000 00F8     PORTD=0xFF;    // Co tro noi keo len cho chan 5,6,7
00010e efef      	LDI  R30,LOW(255)
00010f bbe2      	OUT  0x12,R30
                 ; 0000 00F9 };
000110 9508      	RET
                 ; .FEND
                 ;///////////////////////////////////////////////////////////
                 ;int Wait_Shift(void)     //TEST DONE
                 ; 0000 00FC {
                 _Wait_Shift:
                 ; .FSTART _Wait_Shift
                 ; 0000 00FD     if(T_shift_delay>=47)           //sau 8*80us ve diem 0
000111 e2ef      	LDI  R30,LOW(47)
000112 e0f0      	LDI  R31,HIGH(47)
000113 168e      	CP   R8,R30
000114 069f      	CPC  R9,R31
000115 f018      	BRLO _0x26
                 ; 0000 00FE     return 1;                       //Ve diem 0
000116 e0e1      	LDI  R30,LOW(1)
000117 e0f0      	LDI  R31,HIGH(1)
000118 9508      	RET
                 ; 0000 00FF     else                            //Chua ve diem 0
                 _0x26:
                 ; 0000 0100     return 0;
000119 e0e0      	LDI  R30,LOW(0)
00011a e0f0      	LDI  R31,HIGH(0)
00011b 9508      	RET
                 ; 0000 0101 };
00011c 9508      	RET
                 ; .FEND
                 ;///////////////////////////////////////////////////////////
                 ;void Delay_200us(unsigned int Time)  //TEST DONE
                 ; 0000 0104 {
                 _Delay_200us:
                 ; .FSTART _Delay_200us
                 ; 0000 0105 /* Create delay function with 100us corresponding to each value */
                 ; 0000 0106     TCNT0=0xC8;         // 200 (0xC8) * 8 (prescaler) * 1/(8*10^6)= 200us
00011d 93ba      	ST   -Y,R27
00011e 93aa      	ST   -Y,R26
                 ;	Time -> Y+0
00011f ece8      	LDI  R30,LOW(200)
000120 bfe2      	OUT  0x32,R30
                 ; 0000 0107     TIMSK|=0x01;        //Cho phep ngat tran timer0
000121 b7e9      	IN   R30,0x39
000122 60e1      	ORI  R30,1
000123 bfe9      	OUT  0x39,R30
                 ; 0000 0108     T_delay=0;          //Reset gia tri dem
000124 2444      	CLR  R4
000125 2455      	CLR  R5
                 ; 0000 0109     while(T_delay<Time);//Chua du
                 _0x28:
000126 81e8      	LD   R30,Y
000127 81f9      	LDD  R31,Y+1
000128 164e      	CP   R4,R30
000129 065f      	CPC  R5,R31
00012a f3d8      	BRLO _0x28
                 ; 0000 010A     TIMSK&=~0x01;       //Du thoi gian, tat ngat tran timer0
00012b b7e9      	IN   R30,0x39
00012c 7fee      	ANDI R30,0xFE
00012d bfe9      	OUT  0x39,R30
                 ; 0000 010B };
                 _0x2000001:
00012e 9622      	ADIW R28,2
00012f 9508      	RET
                 ; .FEND
                 ;///////////////////////////////////////////////////////////
                 ;void CheckSW(void)  //TEST DONE
                 ; 0000 010E {
                 _CheckSW:
                 ; .FSTART _CheckSW
                 ; 0000 010F     if(Mode==1)
000130 e0e1      	LDI  R30,LOW(1)
000131 15ea      	CP   R30,R10
000132 f4f1      	BRNE _0x2B
                 ; 0000 0110     {
                 ; 0000 0111         if(!SW_GIAM)
000133 999d      	SBIC 0x13,5
000134 c00d      	RJMP _0x2C
                 ; 0000 0112         {
                 ; 0000 0113             if(count_temp1>0)       count_temp1--;
000135 d0b7      	RCALL SUBOPT_0x5
000136 d12f      	RCALL __CPW02
000137 f420      	BRSH _0x2D
000138 d0b9      	RCALL SUBOPT_0x6
000139 9731      	SBIW R30,1
00013a d0bc      	RCALL SUBOPT_0x7
                 ; 0000 0114             else                    count_temp1=0;
00013b c005      	RJMP _0x2E
                 _0x2D:
00013c e0e0      	LDI  R30,LOW(0)
00013d 93e0 0162 	STS  _count_temp1,R30
00013f 93e0 0163 	STS  _count_temp1+1,R30
                 ; 0000 0115             Delay_200us(1000);
                 _0x2E:
000141 d0b8      	RCALL SUBOPT_0x8
                 ; 0000 0116            // #asm("cli");
                 ; 0000 0117             EEPROM_Write(200,count_temp1);
                 ; 0000 0118            // #asm("sei");
                 ; 0000 0119 
                 ; 0000 011A 		}
                 ; 0000 011B         if(!SW_TANG)
                 _0x2C:
000142 999c      	SBIC 0x13,4
000143 c00d      	RJMP _0x2F
                 ; 0000 011C         {
                 ; 0000 011D             if(count_temp1<99)      count_temp1++;
000144 d0a8      	RCALL SUBOPT_0x5
000145 36a3      	CPI  R26,LOW(0x63)
000146 e0e0      	LDI  R30,HIGH(0x63)
000147 07be      	CPC  R27,R30
000148 f420      	BRSH _0x30
000149 d0a8      	RCALL SUBOPT_0x6
00014a 9631      	ADIW R30,1
00014b d0ab      	RCALL SUBOPT_0x7
                 ; 0000 011E             else                    count_temp1=99;
00014c c003      	RJMP _0x31
                 _0x30:
00014d e6e3      	LDI  R30,LOW(99)
00014e e0f0      	LDI  R31,HIGH(99)
00014f d098      	RCALL SUBOPT_0x4
                 ; 0000 011F             Delay_200us(1000);
                 _0x31:
000150 d0a9      	RCALL SUBOPT_0x8
                 ; 0000 0120            // #asm("cli");
                 ; 0000 0121             EEPROM_Write(200,count_temp1);
                 ; 0000 0122           //  #asm("sei");
                 ; 0000 0123         }
                 ; 0000 0124     }
                 _0x2F:
                 ; 0000 0125     if(Mode==0)
                 _0x2B:
000151 20aa      	TST  R10
000152 f4f1      	BRNE _0x32
                 ; 0000 0126     {
                 ; 0000 0127         if(!SW_GIAM)
000153 999d      	SBIC 0x13,5
000154 c00d      	RJMP _0x33
                 ; 0000 0128         {
                 ; 0000 0129             if(count_temp0>0)       count_temp0--;     //Store count in EEPROM, EEPROM have only 100,000 write
000155 d0ae      	RCALL SUBOPT_0x9
000156 d10f      	RCALL __CPW02
000157 f420      	BRSH _0x34
000158 d0b0      	RCALL SUBOPT_0xA
000159 9731      	SBIW R30,1
00015a d09c      	RCALL SUBOPT_0x7
                 ; 0000 012A             else                    count_temp0=0;
00015b c005      	RJMP _0x35
                 _0x34:
00015c e0e0      	LDI  R30,LOW(0)
00015d 93e0 0160 	STS  _count_temp0,R30
00015f 93e0 0161 	STS  _count_temp0+1,R30
                 ; 0000 012B             Delay_200us(1000);
                 _0x35:
000161 d0ac      	RCALL SUBOPT_0xB
                 ; 0000 012C            // #asm("cli");
                 ; 0000 012D              EEPROM_Write(210,count_temp0);
                 ; 0000 012E            // #asm("sei");
                 ; 0000 012F         }
                 ; 0000 0130         if(!SW_TANG)
                 _0x33:
000162 999c      	SBIC 0x13,4
000163 c00d      	RJMP _0x36
                 ; 0000 0131         {
                 ; 0000 0132             if(count_temp0<99)      count_temp0++;     //Store count in EEPROM, EEPROM have only 100,000 write
000164 d09f      	RCALL SUBOPT_0x9
000165 36a3      	CPI  R26,LOW(0x63)
000166 e0e0      	LDI  R30,HIGH(0x63)
000167 07be      	CPC  R27,R30
000168 f420      	BRSH _0x37
000169 d09f      	RCALL SUBOPT_0xA
00016a 9631      	ADIW R30,1
00016b d08b      	RCALL SUBOPT_0x7
                 ; 0000 0133             else                    count_temp0=99;
00016c c003      	RJMP _0x38
                 _0x37:
00016d e6e3      	LDI  R30,LOW(99)
00016e e0f0      	LDI  R31,HIGH(99)
00016f d073      	RCALL SUBOPT_0x3
                 ; 0000 0134             Delay_200us(1000);
                 _0x38:
000170 d09d      	RCALL SUBOPT_0xB
                 ; 0000 0135            // #asm("cli");
                 ; 0000 0136              EEPROM_Write(210,count_temp0);
                 ; 0000 0137            // #asm("sei");
                 ; 0000 0138         }
                 ; 0000 0139 
                 ; 0000 013A     }
                 _0x36:
                 ; 0000 013B     if(Mode==0) count=count_temp0;
                 _0x32:
000171 20aa      	TST  R10
000172 f411      	BRNE _0x39
000173 90d0 0160 	LDS  R13,_count_temp0
                 ; 0000 013C     if(Mode==1) count=count_temp1;
                 _0x39:
000175 e0e1      	LDI  R30,LOW(1)
000176 15ea      	CP   R30,R10
000177 f411      	BRNE _0x3A
000178 90d0 0162 	LDS  R13,_count_temp1
                 ; 0000 013D }
                 _0x3A:
00017a 9508      	RET
                 ; .FEND
                 ;///////////////////////////////////////////////////////////
                 ;void Display()  //TEST DONE
                 ; 0000 0140 {
                 _Display:
                 ; .FSTART _Display
                 ; 0000 0141     unsigned char i,Q;
                 ; 0000 0142     unsigned char Dvi,Chuc;
                 ; 0000 0143     Dvi=MA_7SEG[(99-count)%10];
00017b d0ee      	RCALL __SAVELOCR4
                 ;	i -> R17
                 ;	Q -> R16
                 ;	Dvi -> R19
                 ;	Chuc -> R18
00017c d05e      	RCALL SUBOPT_0x1
00017d d09a      	RCALL SUBOPT_0xC
00017e d0ba      	RCALL __MODW21
00017f 59ec      	SUBI R30,LOW(-_MA_7SEG)
000180 4ffe      	SBCI R31,HIGH(-_MA_7SEG)
000181 8130      	LD   R19,Z
                 ; 0000 0144     Chuc=MA_7SEG[(99-count)/10];
000182 d058      	RCALL SUBOPT_0x1
000183 d094      	RCALL SUBOPT_0xC
000184 d0af      	RCALL __DIVW21
000185 59ec      	SUBI R30,LOW(-_MA_7SEG)
000186 4ffe      	SBCI R31,HIGH(-_MA_7SEG)
000187 8120      	LD   R18,Z
                 ; 0000 0145     Q=Dvi; for(i=0;i<8;i++){SDI=Q&0x80;CLK=0;CLK=1;Q<<=1;}
000188 2f03      	MOV  R16,R19
000189 e010      	LDI  R17,LOW(0)
                 _0x3C:
00018a 3018      	CPI  R17,8
00018b f450      	BRSH _0x3D
00018c fd07      	SBRC R16,7
00018d c002      	RJMP _0x3E
00018e 98a8      	CBI  0x15,0
00018f c001      	RJMP _0x3F
                 _0x3E:
000190 9aa8      	SBI  0x15,0
                 _0x3F:
000191 98aa      	CBI  0x15,2
000192 9aaa      	SBI  0x15,2
000193 0f00      	LSL  R16
000194 5f1f      	SUBI R17,-1
000195 cff4      	RJMP _0x3C
                 _0x3D:
                 ; 0000 0146     Q=Chuc; for(i=0;i<8;i++){SDI=Q&0x80;CLK=0;CLK=1;Q<<=1;}
000196 2f02      	MOV  R16,R18
000197 e010      	LDI  R17,LOW(0)
                 _0x45:
000198 3018      	CPI  R17,8
000199 f450      	BRSH _0x46
00019a fd07      	SBRC R16,7
00019b c002      	RJMP _0x47
00019c 98a8      	CBI  0x15,0
00019d c001      	RJMP _0x48
                 _0x47:
00019e 9aa8      	SBI  0x15,0
                 _0x48:
00019f 98aa      	CBI  0x15,2
0001a0 9aaa      	SBI  0x15,2
0001a1 0f00      	LSL  R16
0001a2 5f1f      	SUBI R17,-1
0001a3 cff4      	RJMP _0x45
                 _0x46:
                 ; 0000 0147     STR=0; STR=1;
0001a4 98a9      	CBI  0x15,1
0001a5 9aa9      	SBI  0x15,1
                 ; 0000 0148 }
0001a6 d0c8      	RCALL __LOADLOCR4
0001a7 9624      	ADIW R28,4
0001a8 9508      	RET
                 ; .FEND
                 ;///////////////////////////////////////////////////////////
                 ;void Power_Check(void) //Test done
                 ; 0000 014B {
                 _Power_Check:
                 ; .FSTART _Power_Check
                 ; 0000 014C /* Check the power button to allow system operating normally
                 ; 0000 014D SW_EMER - Emergency switch if this button was switched on (=0), lock the output signal
                 ; 0000 014E SW_ON - On/Off button, if this button was pressed toggle on/off the output signal
                 ; 0000 014F Status =0 -> Signal was disable
                 ; 0000 0150 Status = 1 -> Signal was enable
                 ; 0000 0151 */
                 ; 0000 0152     if((SW_EMER==0)&&(SW_EMER1==1))
0001a9 99b3      	SBIC 0x16,3
0001aa c002      	RJMP _0x52
0001ab 9984      	SBIC 0x10,4
0001ac c001      	RJMP _0x53
                 _0x52:
0001ad c001      	RJMP _0x51
                 _0x53:
                 ; 0000 0153     {
                 ; 0000 0154         Mode=0;   //Mode 0
0001ae 24aa      	CLR  R10
                 ; 0000 0155     }
                 ; 0000 0156     if((SW_EMER==0)&&(SW_EMER1==0))
                 _0x51:
0001af 99b3      	SBIC 0x16,3
0001b0 c002      	RJMP _0x55
0001b1 9b84      	SBIS 0x10,4
0001b2 c001      	RJMP _0x56
                 _0x55:
0001b3 c002      	RJMP _0x54
                 _0x56:
                 ; 0000 0157     {
                 ; 0000 0158         Mode=1;   //Mode 1
0001b4 e0e1      	LDI  R30,LOW(1)
0001b5 2eae      	MOV  R10,R30
                 ; 0000 0159     }
                 ; 0000 015A     if(SW_EMER==1)                          //LOCK
                 _0x54:
0001b6 9bb3      	SBIS 0x16,3
0001b7 c009      	RJMP _0x57
                 ; 0000 015B     {
                 ; 0000 015C             Status=0;                       //Signal disable
0001b8 24bb      	CLR  R11
                 ; 0000 015D             Delay_200us(25);                //Wait for bound
0001b9 e1a9      	LDI  R26,LOW(25)
0001ba e0b0      	LDI  R27,0
0001bb df61      	RCALL _Delay_200us
                 ; 0000 015E             if(SW_EMER==0)                  //UNLOCK
0001bc 99b3      	SBIC 0x16,3
0001bd c002      	RJMP _0x58
                 ; 0000 015F             Status=1;                       //Signal enable
0001be e0e1      	LDI  R30,LOW(1)
0001bf 2ebe      	MOV  R11,R30
                 ; 0000 0160     }
                 _0x58:
                 ; 0000 0161     else
0001c0 c00c      	RJMP _0x59
                 _0x57:
                 ; 0000 0162     {
                 ; 0000 0163             if(SW_ON==0)                    //Switch press toggle the power
0001c1 999b      	SBIC 0x13,3
0001c2 c00a      	RJMP _0x5A
                 ; 0000 0164             {
                 ; 0000 0165                     Status=(Status+1)%2;    //Toggle
0001c3 2deb      	MOV  R30,R11
0001c4 e0f0      	LDI  R31,0
0001c5 9631      	ADIW R30,1
0001c6 e0a1      	LDI  R26,LOW(1)
0001c7 e0b0      	LDI  R27,HIGH(1)
0001c8 d07e      	RCALL __MANDW12
0001c9 2ebe      	MOV  R11,R30
                 ; 0000 0166                     Delay_200us(2500);      //Wait for bound
0001ca eca4      	LDI  R26,LOW(2500)
0001cb e0b9      	LDI  R27,HIGH(2500)
0001cc df50      	RCALL _Delay_200us
                 ; 0000 0167             }
                 ; 0000 0168     }
                 _0x5A:
                 _0x59:
                 ; 0000 0169     if(Status==1) {LED=0; DDRB|=0x02;}      //System ON, on LED and enable SIGNAL
0001cd e0e1      	LDI  R30,LOW(1)
0001ce 15eb      	CP   R30,R11
0001cf f419      	BRNE _0x5B
0001d0 98c5      	CBI  0x18,5
0001d1 9ab9      	SBI  0x17,1
                 ; 0000 016A     else          {LED=1; DDRB&=~0x02;}     //System OFF, Off LED and disable SIGNAL
0001d2 c002      	RJMP _0x5E
                 _0x5B:
0001d3 9ac5      	SBI  0x18,5
0001d4 98b9      	CBI  0x17,1
                 _0x5E:
                 ; 0000 016B }
0001d5 9508      	RET
                 ; .FEND
                 ;/*--------------------------------------------------------*/
                 
                 	.DSEG
                 _count_temp0:
000160           	.BYTE 0x2
                 _count_temp1:
000162           	.BYTE 0x2
                 _MA_7SEG:
000164           	.BYTE 0xA
                 
                 	.CSEG
                 ;OPTIMIZER ADDED SUBROUTINE, CALLED 2 TIMES, CODE SIZE REDUCTION:1 WORDS
                 SUBOPT_0x0:
0001d6 efed      	LDI  R30,LOW(253)
0001d7 bded      	OUT  0x2D,R30
0001d8 efe7      	LDI  R30,LOW(247)
0001d9 bdec      	OUT  0x2C,R30
0001da 9508      	RET
                 
                 ;OPTIMIZER ADDED SUBROUTINE, CALLED 3 TIMES, CODE SIZE REDUCTION:4 WORDS
                 SUBOPT_0x1:
0001db 2ded      	MOV  R30,R13
0001dc e0f0      	LDI  R31,0
0001dd e6a3      	LDI  R26,LOW(99)
0001de e0b0      	LDI  R27,HIGH(99)
0001df 9508      	RET
                 
                 ;OPTIMIZER ADDED SUBROUTINE, CALLED 3 TIMES, CODE SIZE REDUCTION:2 WORDS
                 SUBOPT_0x2:
0001e0 e3a2      	LDI  R26,LOW(50)
0001e1 e0b0      	LDI  R27,0
0001e2 cf3a      	RJMP _Delay_200us
                 
                 ;OPTIMIZER ADDED SUBROUTINE, CALLED 2 TIMES, CODE SIZE REDUCTION:1 WORDS
                 SUBOPT_0x3:
0001e3 93e0 0160 	STS  _count_temp0,R30
0001e5 93f0 0161 	STS  _count_temp0+1,R31
0001e7 9508      	RET
                 
                 ;OPTIMIZER ADDED SUBROUTINE, CALLED 2 TIMES, CODE SIZE REDUCTION:1 WORDS
                 SUBOPT_0x4:
0001e8 93e0 0162 	STS  _count_temp1,R30
0001ea 93f0 0163 	STS  _count_temp1+1,R31
0001ec 9508      	RET
                 
                 ;OPTIMIZER ADDED SUBROUTINE, CALLED 2 TIMES, CODE SIZE REDUCTION:1 WORDS
                 SUBOPT_0x5:
0001ed 91a0 0162 	LDS  R26,_count_temp1
0001ef 91b0 0163 	LDS  R27,_count_temp1+1
0001f1 9508      	RET
                 
                 ;OPTIMIZER ADDED SUBROUTINE, CALLED 2 TIMES, CODE SIZE REDUCTION:1 WORDS
                 SUBOPT_0x6:
0001f2 e6a2      	LDI  R26,LOW(_count_temp1)
0001f3 e0b1      	LDI  R27,HIGH(_count_temp1)
0001f4 91ed      	LD   R30,X+
0001f5 91fd      	LD   R31,X+
0001f6 9508      	RET
                 
                 ;OPTIMIZER ADDED SUBROUTINE, CALLED 4 TIMES, CODE SIZE REDUCTION:1 WORDS
                 SUBOPT_0x7:
0001f7 93fe      	ST   -X,R31
0001f8 93ee      	ST   -X,R30
0001f9 9508      	RET
                 
                 ;OPTIMIZER ADDED SUBROUTINE, CALLED 2 TIMES, CODE SIZE REDUCTION:7 WORDS
                 SUBOPT_0x8:
0001fa eea8      	LDI  R26,LOW(1000)
0001fb e0b3      	LDI  R27,HIGH(1000)
0001fc df20      	RCALL _Delay_200us
0001fd ece8      	LDI  R30,LOW(200)
0001fe e0f0      	LDI  R31,HIGH(200)
0001ff 93fa      	ST   -Y,R31
000200 93ea      	ST   -Y,R30
000201 91a0 0162 	LDS  R26,_count_temp1
000203 ce4b      	RJMP _EEPROM_Write
                 
                 ;OPTIMIZER ADDED SUBROUTINE, CALLED 2 TIMES, CODE SIZE REDUCTION:1 WORDS
                 SUBOPT_0x9:
000204 91a0 0160 	LDS  R26,_count_temp0
000206 91b0 0161 	LDS  R27,_count_temp0+1
000208 9508      	RET
                 
                 ;OPTIMIZER ADDED SUBROUTINE, CALLED 2 TIMES, CODE SIZE REDUCTION:1 WORDS
                 SUBOPT_0xA:
000209 e6a0      	LDI  R26,LOW(_count_temp0)
00020a e0b1      	LDI  R27,HIGH(_count_temp0)
00020b 91ed      	LD   R30,X+
00020c 91fd      	LD   R31,X+
00020d 9508      	RET
                 
                 ;OPTIMIZER ADDED SUBROUTINE, CALLED 2 TIMES, CODE SIZE REDUCTION:7 WORDS
                 SUBOPT_0xB:
00020e eea8      	LDI  R26,LOW(1000)
00020f e0b3      	LDI  R27,HIGH(1000)
000210 df0c      	RCALL _Delay_200us
000211 ede2      	LDI  R30,LOW(210)
000212 e0f0      	LDI  R31,HIGH(210)
000213 93fa      	ST   -Y,R31
000214 93ea      	ST   -Y,R30
000215 91a0 0160 	LDS  R26,_count_temp0
000217 ce37      	RJMP _EEPROM_Write
                 
                 ;OPTIMIZER ADDED SUBROUTINE, CALLED 2 TIMES, CODE SIZE REDUCTION:1 WORDS
                 SUBOPT_0xC:
000218 1bae      	SUB  R26,R30
000219 0bbf      	SBC  R27,R31
00021a e0ea      	LDI  R30,LOW(10)
00021b e0f0      	LDI  R31,HIGH(10)
00021c 9508      	RET
                 
                 
                 	.CSEG
                 __ANEGW1:
00021d 95f1      	NEG  R31
00021e 95e1      	NEG  R30
00021f 40f0      	SBCI R31,0
000220 9508      	RET
                 
                 __DIVW21U:
000221 2400      	CLR  R0
000222 2411      	CLR  R1
000223 e190      	LDI  R25,16
                 __DIVW21U1:
000224 0faa      	LSL  R26
000225 1fbb      	ROL  R27
000226 1c00      	ROL  R0
000227 1c11      	ROL  R1
000228 1a0e      	SUB  R0,R30
000229 0a1f      	SBC  R1,R31
00022a f418      	BRCC __DIVW21U2
00022b 0e0e      	ADD  R0,R30
00022c 1e1f      	ADC  R1,R31
00022d c001      	RJMP __DIVW21U3
                 __DIVW21U2:
00022e 60a1      	SBR  R26,1
                 __DIVW21U3:
00022f 959a      	DEC  R25
000230 f799      	BRNE __DIVW21U1
000231 01fd      	MOVW R30,R26
000232 01d0      	MOVW R26,R0
000233 9508      	RET
                 
                 __DIVW21:
000234 d01c      	RCALL __CHKSIGNW
000235 dfeb      	RCALL __DIVW21U
000236 f40e      	BRTC __DIVW211
000237 dfe5      	RCALL __ANEGW1
                 __DIVW211:
000238 9508      	RET
                 
                 __MODW21:
000239 94e8      	CLT
00023a ffb7      	SBRS R27,7
00023b c004      	RJMP __MODW211
00023c 95a0      	COM  R26
00023d 95b0      	COM  R27
00023e 9611      	ADIW R26,1
00023f 9468      	SET
                 __MODW211:
000240 fdf7      	SBRC R31,7
000241 dfdb      	RCALL __ANEGW1
000242 dfde      	RCALL __DIVW21U
000243 01fd      	MOVW R30,R26
000244 f40e      	BRTC __MODW212
000245 dfd7      	RCALL __ANEGW1
                 __MODW212:
000246 9508      	RET
                 
                 __MANDW12:
000247 94e8      	CLT
000248 fff7      	SBRS R31,7
000249 c002      	RJMP __MANDW121
00024a dfd2      	RCALL __ANEGW1
00024b 9468      	SET
                 __MANDW121:
00024c 23ea      	AND  R30,R26
00024d 23fb      	AND  R31,R27
00024e f40e      	BRTC __MANDW122
00024f dfcd      	RCALL __ANEGW1
                 __MANDW122:
000250 9508      	RET
                 
                 __CHKSIGNW:
000251 94e8      	CLT
000252 fff7      	SBRS R31,7
000253 c002      	RJMP __CHKSW1
000254 dfc8      	RCALL __ANEGW1
000255 9468      	SET
                 __CHKSW1:
000256 ffb7      	SBRS R27,7
000257 c006      	RJMP __CHKSW2
000258 95a0      	COM  R26
000259 95b0      	COM  R27
00025a 9611      	ADIW R26,1
00025b f800      	BLD  R0,0
00025c 9403      	INC  R0
00025d fa00      	BST  R0,0
                 __CHKSW2:
00025e 9508      	RET
                 
                 __SWAPW12:
00025f 2e1b      	MOV  R1,R27
000260 2fbf      	MOV  R27,R31
000261 2df1      	MOV  R31,R1
                 
                 __SWAPB12:
000262 2e1a      	MOV  R1,R26
000263 2fae      	MOV  R26,R30
000264 2de1      	MOV  R30,R1
000265 9508      	RET
                 
                 __CPW02:
000266 2400      	CLR  R0
000267 160a      	CP   R0,R26
000268 060b      	CPC  R0,R27
000269 9508      	RET
                 
                 __SAVELOCR4:
00026a 933a      	ST   -Y,R19
                 __SAVELOCR3:
00026b 932a      	ST   -Y,R18
                 __SAVELOCR2:
00026c 931a      	ST   -Y,R17
00026d 930a      	ST   -Y,R16
00026e 9508      	RET
                 
                 __LOADLOCR4:
00026f 813b      	LDD  R19,Y+3
                 __LOADLOCR3:
000270 812a      	LDD  R18,Y+2
                 __LOADLOCR2:
000271 8119      	LDD  R17,Y+1
000272 8108      	LD   R16,Y
000273 9508      	RET
                 
                 ;END OF CODE MARKER
                 __END_OF_CODE:


RESOURCE USE INFORMATION
------------------------

Notice:
The register and instruction counts are symbol table hit counts,
and hence implicitly used resources are not counted, eg, the
'lpm' instruction without operands implicitly uses r0 and z,
none of which are counted.

x,y,z are separate entities in the symbol table and are
counted separately from r26..r31 here.

.dseg memory usage only counts static data declared with .byte

ATmega8 register use summary:
r0 :  17 r1 :  11 r2 :   0 r3 :   0 r4 :   4 r5 :   2 r6 :   4 r7 :   1 
r8 :   4 r9 :   2 r10:   6 r11:   5 r12:   0 r13:   4 r14:   0 r15:   2 
r16:   8 r17:   8 r18:   4 r19:   4 r20:   0 r21:   0 r22:   4 r23:   2 
r24:   9 r25:   6 r26:  46 r27:  33 r28:   6 r29:   1 r30: 173 r31:  50 
x  :   9 y  :  63 z  :   9 
Registers used: 29 out of 35 (82.9%)

ATmega8 instruction use summary:
.lds  :   0 .lds.l:   0 .sts  :   0 .sts.l:   0 adc   :   1 add   :   1 
adiw  :  12 and   :   2 andi  :   2 asr   :   0 bclr  :   0 bld   :   1 
brbc  :   0 brbs  :   0 brcc  :   1 brcs  :   0 break :   0 breq  :   1 
brge  :   0 brhc  :   0 brhs  :   0 brid  :   0 brie  :   0 brlo  :   3 
brlt  :   0 brmi  :   0 brne  :  11 brpl  :   0 brsh  :   7 brtc  :   3 
brts  :   0 brvc  :   0 brvs  :   0 bset  :   0 bst   :   1 cbi   :  11 
cbr   :   0 clc   :   0 clh   :   0 cli   :   2 cln   :   0 clr   :  13 
cls   :   0 clt   :   3 clv   :   0 clz   :   0 com   :   4 cp    :   7 
cpc   :   7 cpi   :   6 cpse  :   0 dec   :   2 des   :   0 eor   :   0 
fmul  :   0 fmuls :   0 fmulsu:   0 icall :   0 ijmp  :   0 in    :   9 
inc   :   1 ld    :  29 ldd   :   7 ldi   :  88 lds   :   8 lpm   :   7 
lsl   :   3 lsr   :   0 mov   :  14 movw  :  13 mul   :   0 muls  :   0 
mulsu :   0 neg   :   2 nop   :   0 or    :   0 ori   :   3 out   :  43 
pop   :   0 push  :   0 rcall :  60 ret   :  31 reti  :   3 rjmp  :  64 
rol   :   3 ror   :   0 sbc   :   3 sbci  :   3 sbi   :  11 sbic  :  12 
sbis  :   3 sbiw  :   6 sbr   :   1 sbrc  :   3 sbrs  :   4 sec   :   0 
seh   :   0 sei   :   2 sen   :   0 ser   :   0 ses   :   0 set   :   3 
sev   :   0 sez   :   0 sleep :   0 spm   :   0 st    :  38 std   :   0 
sts   :   8 sub   :   3 subi  :   5 swap  :   0 tst   :   2 wdr   :   0 

Instructions used: 56 out of 114 (49.1%)

ATmega8 memory use summary [bytes]:
Segment   Begin    End      Code   Data   Used    Size   Use%
---------------------------------------------------------------
[.cseg] 0x000000 0x0004e8   1224     32   1256    8192  15.3%
[.dseg] 0x000060 0x00016e      0     14     14    1024   1.4%
[.eseg] 0x000000 0x000000      0      0      0     512   0.0%

Assembly complete, 0 errors, 9 warnings
